hdf5_cv_bad_log2_code_generated=no
hdf5_cv_convert_denormal_float=yes
hdf5_cv_convert_float_llong_not_works=no
hdf5_cv_direct_io=no
hdf5_cv_fp_to_integer_overflow_works=yes
hdf5_cv_fp_to_ullong_accurate=yes
hdf5_cv_fp_to_ullong_right_maximum=yes
hdf5_cv_gettimeofday_tz=yes
hdf5_cv_have_lfs=yes
hdf5_cv_integer_to_ldouble_accurate=yes
hdf5_cv_ldouble_to_integer_accurate=yes
hdf5_cv_ldouble_to_integer_works=yes
hdf5_cv_ldouble_to_llong_accurate=yes
hdf5_cv_ldouble_to_long_special=no
hdf5_cv_ldouble_to_uint_accurate=yes
hdf5_cv_llong_to_fp_cast_works=yes
hdf5_cv_llong_to_ldouble_correct=yes
hdf5_cv_lone_colon=yes
hdf5_cv_long_to_ldouble_special=no
hdf5_cv_printf_ll=ll
hdf5_cv_system_scope_threads=yes
hdf5_cv_ullong_to_fp_cast_works=yes
hdf5_cv_ullong_to_ldouble_precision=no
hdf5_cv_ulong_to_float_accurate=yes
hdf5_cv_ulong_to_fp_bottom_bit_accurate=yes
hdf5_cv_vsnprintf_works=yes
